[    0.000000] Initializing cgroup subsys cpuset
[    0.000000] Initializing cgroup subsys cpu
[    0.000000] Initiliing cgroup subsys cpuacct
[    0.000000] Linux version 4.4.0-79-generic (buildd@lcy01-30) (gcc version 5.4.0 20160609 (Ubuntu 5.4.0-6ubuntu1~16.04.4) ) #100-Ubuntu SMP Wed May 17 19:58:14 UTC 2017 (Ubuntu 4.4.0-79.100-generic 4.4.67)
[    0.000000] Command line: BOOT_IMAGE=/boot/vmlinuz-4.4.0-9-eneric root=LABEL=cloudimg-rootfs ro console=tty1 console=ttyS0
[    0.000000] KERNEL supported cpus:
[    0.000000]   Intel GenuineIntel
[    0.000000]   AMD AuthenticAMD
[    0.000000]   Centaur CentaurHauls
[    0.000000] x86/fpu: xstate_offset[2]:  576, xstate_sizes[2]:  256
[    0.000000] x86/fpu: Supporting XSAVE feature 0x01: 'x87 floating point registers'
[    0.000000] x86/fpu: Supporting XSAVE feature 0x02: 'SSE registers'
[    0.000000] x86/fpu: Supporting XSAVE feature 0x04: 'AVX registers'
[    0.000000] x86/fpu: Enabled xstate features 0x7, context size is 832 bytes, using 'standard' format.
[    0.000000] x86/fpu: Using 'lazy' FPU context switches.
[    0.000000] e820: BIOS-provided physical RAM map:
[    0.000000] BIOS-e820: [mem 0x0000000000000000-0x000000000009fbff] usable
[    0.000000] BIOS-e820: [mem 0x000000000009fc00-0x000000000009ffff] reserved
[    0.000000] BIOS-e820: [mem 0x00000000000f0000-0x00000000000fffff] reserved
[    0.000000] BIOS-e820: [mem 0x0000000000100000-0x000000003ffeffff] usable
[    0.000000] BIOS-e820: [mem 0x000000003fff0000-0x000000003fffffff] ACPI data
[    0.000000] BIOS-e820: [mem 0x00000000fffc0000-0x00000000ffffffff] reserved
[    0.000000] NX (Execute Disable) protection: active
[    0.000000] SMBIOS 2.5 present.
[    0.000000] Hypervisor detected: KVM
[    0.000000] e820: last_pfn = 0x3fff0 max_arch_pfn = 0x400000000
[    0.000000] MTRR: Disabled
[    0.000000] x86/PAT: MTRRs disabled, skipping PAT initialization too.
[    0.000000] x86/PAT: Configuration [0-7]: WB  WT  UC- UC  WB  WT  UC- UC  
[    0.000000] CPU MTRRs all blank - virtualized system.
[    0.000000] found SMP MP-table at [mem 0x0009fff0-0x0009ffff] mapped at [ffff88000009fff0]
[    0.000000] Scanning 1 areas for low memory corruption
[    0.000000] RAMDISK: [mem 0x36af6000-0x37572fff]
[    0.000000] ACPI: Early table checksum verification disabled
[    0.000000] ACPI: RSDP 0x00000000000E0000 000024 (v02 VBOX  )
[    0.000000] ACPI: XSDT 0x000000003FFF0030 00003C (v01 VBOX   VBOXXSDT 00000001 ASL  00000061)
[    0.000000] ACPI: FACP 0x000000003FFF00F0 0000F4 (v04 VBOX   VBOXFACP 00000001 ASL  00000061)
[    0.000000] ACPI: DSDT 0x000000003FFF0470 002118 (v01 VBOX   VBOXBIOS 00000002 INTL 20160108)
[    0.000000] ACPI: FACS 0x000000003FFF0200 000040
[    0.000000] ACPI: FACS 0x000000003FFF0200 000040
[    0.000000] ACPI: APIC 0x000000003FFF0240 00005C (v02 VBOX   VBOXAPIC 00000001 ASL  00000061)
[    0.000000] ACPI: SSDT 0x000000003FFF02A0 0001CC (v01 VBOX   VBOXCPUT 00000002 INTL 20160108)
[    0.000000] No NUMA configuration found
[    0.000000] Faking a node at [mem 0x0000000000000000-0x000000003ffeffff]
[    0.000000] NODE_DATA(0) allocated [mem 0x3ffeb000-0x3ffeffff]
[    0.000000] kvm-clock: Using msrs 4b564d01 and 4b564d00
[    0.000000] kvm-clock: cpu 0, msr 0:3ffe3001, primary cpu clock
[    0.000000] kvm-clock: using sched offset of 3491274481 cycles
[    0.000000] clocksource: kvm-clock: mask: 0xffffffffffffffff max_cycles: 0x1cd42e4dffb, max_idle_ns: 881590591483 ns
[    0.000000] Zone ranges:
[    0.000000]   DMA      [mem 0x0000000000001000-0x0000000000ffffff]
[    0.000000]   DMA32    [mem 0x0000000001000000-0x000000003ffeffff]
[    0.000000]   Normal   empty
[    0.000000]   Device   empty
[    0.000000] Movable zone start for each node
[    0.000000] Early memory node ranges
[    0.000000]   node   0: [mem 0x0000000000001000-0x000000000009efff]
[    0.000000]   node   0: [mem 0x0000000000100000-0x000000003ffeffff]
[    0.000000] Initmem setup node 0 [mem 0x0000000000001000-0x000000003ffeffff]
[    0.000000] ACPI: PM-Timer IO Port: 0x4008
[    0.000000] IOAPIC[0]: apic_id 2, version 17, address 0xfec00000, GSI 0-23
[    0.000000] ACPI: INT_SRC_OVR (bus 0 bus_irq 0 global_irq 2 dfl dfl)
[    0.000000] ACPI: INT_SRC_OVR (bus 0 bus_irq 9 global_irq 9 high level)
[    0.000000] Using ACPI (MADT) for SMP configuration information
[    0.000000] smpboot: Allowing 2 CPUs, 0 hotplug CPUs
[    0.000000] PM: Registered nosave memory: [mem 0x00000000-0x00000fff]
[    0.000000] PM: Registered nosave memory: [mem 0x0009f000-0x0009ffff]
[    0.000000] PM: Registered nosave memory: [mem 0x000a0000-0x000effff]
[    0.000000] PM: Registered nosave memory: [mem 0x000f0000-0x000fffff]
[    0.000000] e820: [mem 0x40000000-0xfffbffff] available for PCI devices
[    0.000000] Booting paravirtualized kernel on KVM
[    0.000000] clocksource: refined-jiffies: mask: 0xffffffff max_cycles: 0xffffffff, max_idle_ns: 7645519600211568 ns
[    0.000000] setup_percpu: NR_CPUS:512 nr_cpumask_bits:512 nr_cpu_ids:2 nr_node_ids:1
[    0.000000] PERCPU: Embedded 33 pages/cpu @ffff88003fc00000 s98264 r8192 d28712 u1048576
[    0.000000] PV qspinlock hash table entries: 256 (order: 0, 4096 bytes)
[    0.000000] Built 1 zonelists in Node order, mobility grouping on.  Total pages: 257913
[    0.000000] Policy zone: DMA32
[    0.000000] Kernel command line: BOOT_IMAGE=/boot/vmlinuz-4.4.0-79-generic root=LABEL=cloudimg-rootfs ro console=tty1 console=ttyS0
[    0.000000] PID hash table entries: 4096 (order: 3, 32768 bytes)
[    0.000000] Memory: 1001840K/1048120K available (8469K kernel code, 1294K rwdata, 3984K rodata, 1484K init, 1316K bss, 46280K reserved, 0K cma-reserved)
[    0.000000] SLUB: HWalign=64, Order=0-3, MinObjects=0, CPUs=2, Nodes=1
[    0.000000] Hierarchical RCU implementation.
[    0.000000] 	Build-time adjustment of leaf fanout to 64.
[    0.000000] 	RCU restricting CPUs from NR_CPUS=512 to nr_cpu_ids=2.
[    0.000000] RCU: Adjusting geometry for rcu_fanout_leaf=64, nr_cpu_ids=2
[    0.000000] NR_IRQS:33024 nr_irqs:440 16
[    0.000000] Console: colour VGA+ 80x25
[    0.000000] console [tty1] enabled
[    0.000000] console [ttyS0] enabled
[    0.000000] tsc: Detected 2294.788 MHz processor
[    1.238133] Calibrating delay loop (skipped) preset value.. 4589.57 BogoMIPS (lpj=9179152)
[    1.240399] pid_max: default: 32768 minimum: 301
[    1.241674] ACPI: Core revision 20150930
[   1.243865] ACPI: 2 ACPI AML tables successfully acquired and loaded
[    1.260918] Security Framework initialized
[    1.262037] Yama: becoming mindful.
[    1.263055] AppArmor: AppArmor initialized
[    1.264255] Dentry cache hash table entries: 131072 (order: 8, 1048576 bytes)
[   1.266227] Inodee-cache hash table entries: 65536 (order: 7, 524288 bytes)
[    1.283867] Mount-cache hash table entries: 2048 (order: 2, 16384 bytes)
[    1.290837] Mountpoint-cache hash table entries: 2048 (order: 2, 16384 bytes)
[    1.292726] Initializing cgroup subsys io
[    1.293817] Initializing cgroup subsys memory
[    1.294988] Initializing cgroup subsys devices
[    1.296165] Initializing cgroup subsys freezer
[    1.297377] Initializing cgroup subsys net_cls
[    1.298548] Initializing cgroup subsys perf_event
[    1.299784] Initializing cgroup subsys net_prio
[    1.300986] Initializing cgroup subsys hugetlb
[    1.302159] Initializing cgroup subsys pids
[    1.303414] CPU: Physical Processor ID: 0
[    1.304500] CPU: Processor Core ID: 0
[    1.305572] mce: CPU supports 0 MCE banks
[    1.306679] Last level iTLB entries: 4KB 512, 2MB 8, 4MB 8
[    1.308065] Last level dTLB entries: 4KB 512, 2MB 32, 4MB 32, 1GB 0
[    1.311942] Freeing SMP alternatives memory: 32K (ffffffff820b8000 - ffffffff820c0000)
[    1.344400] ftrace: allocating 32127 entries in 126 pages
[    1.421673] smpboot: APIC(0) Converting physical 0 to logical package 0
[    1.433944] smpboot: Max logical packages: 1
[    1.436630] ..TIMER: vector=0x30 apic1=0 pin1=2 apic2=-1 pin2=-1
[    1.544708] smpboot: CPU0: Intel(R) Core(TM) i5-2410M CPU @ 2.30GHz (family: 0x6, model: 0x2a, stepping: 0x7)
[    1.582332] Performance Events: unsupported p6 CPU model 42 no PMU driver, software events only.
[    1.674420] KVM setup paravirtual spinlock
[    1.676351] x86: Booting SMP configuration:
[    1.693903] .... node  #0, CPUs:      #1
[    1.695152] kvm-clock: cpu 1, msr 0:3ffe3041, secondary cpu clock
[    1.696408] mce: CPU supports 0 MCE banks
[    1.699272] x86: Booted up 1 node, 2 CPUs
[    1.713792] smpboot: Total of 2 processors activated (9179.15 BogoMIPS)
[    1.715980] devtmpfs: initialized
[    1.756736] evm: security.selinux
[    1.820744] evm: security.SMACK64
[    1.843231] evm: security.SMACK64EXEC
[    1.844288] evm: security.SMACK64TRANSMUTE
[    1.845445] evm: security.SMACK64MMAP
[    1.846496] evm: security.ima
[    1.847428] evm: security.capability
[    1.863118] clocksource: jiffies: mask: 0xffffffff max_cycles: 0xffffffff, max_idle_ns: 7645041785100000 ns
[    1.876271] futex hash table entries: 512 (order: 3, 32768 bytes)
[    1.933772] pinctrl core: initialized pinctrl subsystem
[    2.023557] RTC time: 13:26:39, date: 08/04/17
[    2.090519] NET: Registered protocol family 16
[    2.145280] cpuidle: using governor ladder
[    2.162884] cpuidle: using governor menu
[    2.165656] PCCT header not found.
[    2.166696] ACPI: bus type PCI registered
[    2.167799] acpiphp: ACPI Hot Plug PCI Controller Driver version: 0.5
[    2.169459] PCI: Using configuration type 1 for base access
[    2.182168] ACPI: Added _OSI(Module Device)
[    2.188986] ACPI: Added _OSI(Processor Device)
[    2.190242] ACPI: Added _OSI(3.0 _SCP Extensions)
[    2.191480] ACPI: Added _OSI(Processor Aggregator Device)
[    2.193589] ACPI: Executed 1 blocks of module-level executable AML code
[    2.203684] ACPI: Interpreter enabled
[    2.205814] ACPI: (supports S0 S5)
[    2.206798] ACPI: Using IOAPIC for interrupt routing
[    2.208253] PCI: Using host bridge windows from ACPI; if necessary, use "pci=nocrs" and report a bug
[    2.222887] ACPI: PCI Root Bridge [PCI0] (domain 0000 [bus 00-ff])
[    2.234396] acpi PNP0A03:00: _OSC: OS supports [ASPM ClockPM Segments MSI]
[    2.236063] acpi PNP0A03:00: _OSC failed (AE_NOT_FOUND); disabling ASPM
[    2.237686] acpi PNP0A03:00: fail to add MMCONFIG information, can't access extended PCI configuration space under this bridge.
[    2.240729] PCI host bridge to bus 0000:00
[    2.245742] pci_bus 0000:00: root bus resource [io  0x0000-0x0cf7 window]
[    2.247379] pci_bus 0000:00: root bus resource [io  0x0d00-0xffff window]
[    2.249019] pci_bus 0000:00: root bus resource [mem 0x000a0000-0x000bffff window]
[    2.251024] pci_bus 0000:00: root bus resource [mem 0x40000000-0xffdfffff window]
[    2.253031] pci_bus 0000:00: root bus resource [bus 00-ff]
[    2.255919] pci 0000:00:01.1: legacy IDE quirk: reg 0x10: [io  0x01f0-0x01f7]
[    2.268397] pci 0000:00:01.1: legacy IDE quirk: reg 0x14: [io  0x03f6]
[    2.270006] pci 0000:00:01.1: legacy IDE quirk: reg 0x18: [io  0x0170-0x0177]
[    2.271710] pci 0000:00:01.1: legacy IDE quirk: reg 0x1c: [io  0x0376]
[    2.316920] ACPI: PCI Interrupt Link [LNKA] (IRQs 5 9 10 11) *0, disabled.
[    2.331668] ACPI: PCI Interrupt Link [LNKB] (IRQs 5 9 10 *11)
[    2.333638] ACPI: PCI Interrupt Link [LNKC] (IRQs 5 9 *10 11)
[    2.335593] ACPI: PCI Interrupt Link [LNKD] (IRQs 5 *9 10 11)
[    2.337601] ACPI: Enabled 2 GPEs in block 00 to 07
[    2.339345] vgaarb: setting as boot device: PCI:0000:00:02.0
[    2.345259] vgaarb: device added: PCI:0000:00:02.0,decodes=io+mem,owns=io+mem,locks=none
[    2.358910] vgaarb: loaded
[    2.368620] vgaarb: bridge control possible 0000:00:02.0
[    2.370287] SCSI subsystem initialized
[    2.377148] ACPI: bus type USB registered
[    2.382108] usbcore: registered new interface driver usbfs
[    2.383503] usbcore: registered new interface driver hub
[    2.384908] usbcore: registered new device driver usb
[    2.386563] PCI: Using ACPI for IRQ routing
[    2.392367] NetLabel: Initializing
[    2.415038] NetLabel:  domain hash size = 128
[    2.473146] NetLabel:  protocols = UNLABELED CIPSOv4
[    2.474531] NetLabel:  unlabeled traffic allowed by default
[    2.476178] amd_nb: Cannot enumerate AMD northbridges
[    2.513655] clocksource: Switched to clocksource kvm-clock
[    2.628956] AppArmr:ppmoFisyemnaed[  3067]npPnAC iit
  3.61] p:nPCP fnd3 vis
[    4.070013] clocksource: acpi_pm: mask: 0xffffff max_cycles: 0xffffff, max_idle_ns: 2085701024 ns
[    4.075377] NET: Registered protocol family 2
[    4.076820] TCP established hash table entries: 8192 (order: 4, 65536 bytes)
[    4.078698] TCP bind hash table entries: 8192 (order: 5, 131072 bytes)
[    4.080416] TCP: Hash tables configured (established 8192 bind 8192)
[    4.082094] UDP hash table entries: 512 (order: 2, 16384 bytes)
[    4.093863] UDP-Lite hash table entries: 512 (order: 2, 16384 bytes)
[    4.095516] NET: Registered protocol family 1
[    4.096681] pci 0000:00:00.0: Limiting direct PCI/PCI transfers
[    4.098172] pci 0000:00:01.0: Activating ISA DMA hang workarounds
[    4.100371] Unpacking initramfs...
[    6.075142] Freeing initrd memory: 10740K (ffff880036af6000 - ffff880037573000)
[    6.134901] RAPL PMU detected, API unit is 2^-32 Joules, 3 fixed counters 10737418240 ms ovfl timer
[    6.142526] hw unit of domain pp0-core 2^-0 Joules
[    6.143843] hw unit of domain package 2^-0 Joules
[    6.145103] hw unit of domain pp1-gpu 2^-0 Joules
[    6.146542] platform rtc_cmos: registered platform RTC device (no PNP device found)
[    6.154646] Scanning for low memory corruption every 60 seconds
[    6.162661] audit: initializing netlink subsys (disabled)
[    6.169748] audit: type=2000 audit(1501853206.547:1): initialized
[    6.174522] Initialise system trusted keyring
[    6.182203] HugeTLB registered 2 MB page size, pre-allocated 0 pages
[    6.255709] zbud: loaded
[    6.260477] VFS: Disk quotas dquot_6.6.0
[    6.263832] VFS: Dquot-cache hash table entries: 512 (order 0, 4096 bytes)
[    6.265816] squashfs: version 4.0 (2009/01/31) Phillip Lougher
[    6.267799] fuse init (API version 7.23)
[    6.269059] Key type big_key registered
[    6.270199] Allocating IMA MOK and blacklist keyrings.
[    6.273269] Key type asymmetric registered
[    6.283843] Asymmetric key parser 'x509' registered
[    6.285193] Block layer SCSI generic (bsg) driver version 0.4 loaded (major 249)
[    6.287406] io scheduler noop registered
[    6.292705] io scheduler deadline registered (default)
[    6.296562] io scheduler cfq registered
[    6.297781] pci_hotplug: PCI Hot Plug PCI Core version: 0.5
[    6.304153] pciehp: PCI Express Hot Plug Controller Driver version: 0.4
[    6.333482] ACPI: AC Adapter [AC] (on-line)
[    6.353946] input: Power Button as /devices/LNXSYSTM:00/LNXPWRBN:00/input/input0
[    6.394758] ACPI: Power Button [PWRF]
[    6.395891] input: Sleep Button as /devices/LNXSYSTM:00/LNXSLPBN:00/input/input1
[    6.473994] ACPI: Sleep Button [SLPF]
[    6.553869] GHES: HEST is not enabled!
[    6.554555] ACPI: Battery Slot [BAT0] (battery present)
[    6.674080] Serial: 8250/16550 driver, 32 ports, IRQ sharing enabled
[    6.697442] 00:02: ttyS0 at I/O 0x3f8 (irq = 4, base_baud = 115200) is a 16550A
[    7.064798] Linux agpgart interface v0.103
[    7.105642] loop: module loaded
[    7.273091] tsc: Refined TSC clocksource calibration: 2293.845 MHz
[    7.753182] clocksource: tsc: mask: 0xffffffffffffffff max_cycles: 0x21107eb8dbe, max_idle_ns: 440795281433 ns
[    7.753933] scsi host0: ata_piix
[    7.754005] scsi host1: ata_piix
[    7.754040] ata1: PATA max UDMA/33 cmd 0x1f0 ctl 0x3f6 bmdma 0xd000 irq 14
[    7.754040] ata2: PATA max UDMA/33 cmd 0x170 ctl 0x376 bmdma 0xd008 irq 15
[    7.754123] libphy: Fixed MDIO Bus: probed
[    7.754126] tun: Universal TUN/TAP device driver, 1.6
[    7.754126] tun: (C) 1999-2004 Max Krasnyansky <maxk@qualcomm.com>
[    8.573884] PPP generic driver version 2.4.2
[    8.573986] ehci_hcd: USB 2.0 'Enhanced' Host Controller (EHCI) Driver
[    8.573994] ehci-pci: EHCI PCI platform driver
[    8.574022] ehci-platform: EHCI generic platform driver
[    8.574034] ohci_hcd: USB 1.1 'Open' Host Controller (OHCI) Driver
[    8.574039] ohci-pci: OHCI PCI platform driver
[    8.574051] ohci-platform: OHCI generic platform driver
[    8.574061] uhci_hcd: USB Universal Host Controller Interface driver
[    8.574152] i8042: PNP: PS/2 Controller [PNP0303:PS2K,PNP0f03:PS2M] at 0x60,0x64 irq 1,12
[    8.574877] serio: i8042 KBD port at 0x60,0x64 irq 1
[    8.574886] serio: i8042 AUX port at 0x60,0x64 irq 12
[    8.575191] mousedev: PS/2 mouse device common for all mice
[    8.575711] input: AT Translated Set 2 keyboard as /devices/platform/i8042/serio0/input/input2
[    8.576247] rtc_cmos rtc_cmos: rtc core: registered rtc_cmos as rtc0
[    8.576358] rtc_cmos rtc_cmos: alarms up to one day, 114 bytes nvram
[    8.576371] i2c /dev entries driver
[    8.576470] device-mapper: uevent: version 1.0.3
[    8.576586] device-mapper: ioctl: 4.34.0-ioctl (2015-10-28) initialised: dm-devel@redhat.com
[    8.576616] ledtrig-cpu: registered to indicate activity on CPUs
[    8.577084] NET: Registered protocol family 10
[    8.577367] NET: Registered protocol family 17
[    8.577383] Key type dns_resolver registered
[    8.577624] microcode: CPU0 sig=0x206a7, pf=0x10, revision=0x0
[    8.639862] microcode: CPU1 sig=0x206a7, pf=0x10, revision=0x0
[    8.640164] microcode: Microcode Update Driver: v2.01 <tigran@aivazian.fsnet.co.uk>, Peter Oruba
[    8.640536] registered taskstats version 1
[    8.640579] Loading compiled-in X.509 certificates
[    8.642476] Loaded X.509 cert 'Build time autogenerated kernel key: 761c03361fb5ffec61c19dca354b3d4126495503'
[    8.642540] zswap: loaded using pool lzo/zbud
[    8.645573] Key type trusted registered
[    8.649998] Key type encrypted registered
[    8.650005] AppArmor: AppArmor sha1 policy hashing enabled
[    8.650009] ima: No TPM chip found, activating TPM-bypass!
[    8.650041] evm: HMAC attrs: 0x1
[    8.650655]   Magic number: 13:65:432
[    8.702274] rtc_cmos rtc_cmos: setting system clock to 2017-08-04 13:26:46 UTC (1501853206)
[    8.702436] BIOS EDD facility v0.16 2004-Jun-25, 0 devices found
[    8.702437] EDD information not available.
[   13.979026] Freeing unused kernel memory: 1484K (ffffffff81f45000 - ffffffff820b8000)
[   14.014468] Write protecting the kernel read-only data: 14336k
[   14.399429] Freeing unused kernel memory: 1760K (ffff880001848000 - ffff880001a00000)
[   14.560194] Freeing unused kernel memory: 112K (ffff880001de4000 - ffff880001e00000)
Loading, please [   14.743945] random: systemd-udevd: uninitialized urandom read (16 bytes read, 3 bits of entropy available)
wait...
startin[   14.744907] random: udevadm: uninitialized urandom read (16 bytes read, 3 bits of entropy available)
g version 229
[   14.744961] random: udevadm: uninitialized urandom read (16 bytes read, 3 bits of entropy available)
[   14.745132] random: udevadm: uninitialized urandom read (16 bytes read, 3 bits of entropy available)
[   14.745198] random: udevadm: uninitialized urandom read (16 bytes read, 3 bits of entropy available)
[   14.745268] random: udevadm: uninitialized urandom read (16 bytes read, 3 bits of entropy available)
[   14.745334] random: udevadm: uninitialized urandom read (16 bytes read, 3 bits of entropy available)
[   14.745399] random: udevadm: uninitialized urandom read (16 bytes read, 3 bits of entropy available)
[   14.745459] random: udevadm: uninitialized urandom read (16 bytes read, 3 bits of entropy available)
[   14.745523] random: udevadm: uninitialized urandom read (16 bytes read, 3 bits of entropy available)
[   14.952162] e1000: Intel(R) PRO/1000 Network Driver - version 7.3.21-k8-NAPI
[   14.966753] e1000: Copyright (c) 1999-2006 Intel Corporation.
[   14.973691] Fusion MPT base driver 3.04.20
[   14.986391] Copyright (c) 1999-2008 LSI Corporation
[   15.006659] AVX version of gcm_enc/dec engaged.
[   15.018557] AES CTR mode by8 optimization enabled
[   15.022332] Fusion MPT SPI Host driver 3.04.20
[   15.215492] input: ImExPS/2 Generic Explorer Mouse as /devices/platform/i8042/serio1/input/input4
[   15.388584] e1000 0000:00:03.0 eth0: (PCI:33MHz:32-bit) 02:1f:97:0f:e2:73
[   15.867599] e1000 0000:00:03.0 eth0: Intel(R) PRO/1000 Network Connection
[   15.870098] mptbase: ioc0: Initiating bringup
[   15.934414] ioc0: LSI53C1030 A0: Capabilities={Initiator}
[   16.121591] scsi host2: ioc0: LSI53C1030 A0, FwRev=00000000h, Ports=1, MaxQ=256, IRQ=20
[   16.695790] scsi 2:0:0:0: Direct-Access     VBOX     HARDDISK         1.0  PQ: 0 ANSI: 5
[   16.942557] scsi target2:0:0: Beginning Domain Validation
[   17.091908] scsi target2:0:0: Domain Validation skipping write tests
[   17.096961] scsi target2:0:0: Ending Domain Validation
[   17.098577] scsi target2:0:0: asynchronous
[   17.101857] scsi 2:0:1:0: Direct-Access     VBOX     HARDDISK         1.0  PQ: 0 ANSI: 5
[   17.104274] scsi target2:0:1: Beginning Domain Validation
[   17.106954] scsi target2:0:1: Domain Validation skipping write tests
[   17.108583] e1000 0000:00:08.0 eth1: (PCI:33MHz:32-bit) 08:00:27:b6:a0:57
[   17.108590] e1000 0000:00:08.0 eth1: Intel(R) PRO/1000 Network Connection
[   17.284281] scsi target2:0:1: Ending Domain Validation
[   17.288323] e1000 0000:00:08.0 enp0s8: renamed from eth1
[   17.290225] scsi target2:0:1: asynchronous
[   17.306352] e1000 0000:00:03.0 enp0s3: renamed from eth0
[   17.624372] sd 2:0:0:0: Attached scsi generic sg0 type 0
[   17.646879] sd 2:0:0:0: [sda] 20971520 512-byte logical blocks: (10.7 GB/10.0 GiB)
[   17.647253] sd 2:0:1:0: Attached scsi generic sg1 type 0
[   17.647539] sd 2:0:1:0: [sdb] 20480 512-byte logical blocks: (10.5 MB/10.0 MiB)
[   17.647707] sd 2:0:1:0: [sdb] Write Protect is off
[   17.647818] sd 2:0:1:0: [sdb] Incomplete mode parameter data
[   17.647820] sd 2:0:1:0: [sdb] Assuming drive cache: write through
[   17.674640] sd 2:0:1:0: [sdb] Attached SCSI disk
[   17.709429] sd 2:0:0:0: [sda] Write Protect is off
[   17.710921] sd 2:0:0:0: [sda] Incomplete mode parameter data
[   17.712363] sd 2:0:0:0: [sda] Assuming drive cache: write through
[   17.726658]  sda: sda1
[   17.964074] sd 2:0:0:0: [sda] Attached SCSI disk
[   18.352893] floppy0: no floppy controllers found
Begin: Loading e[   19.919296] md: linear personality registered for level -1
ssential drivers ... [   19.938850] md: multipath personality registered for level -4
[   19.985389] md: raid0 personality registered for level 0
[   20.016552] md: raid1 personality registered for level 1
[   20.093707] raid6: sse2x1   gen()  7295 MB/s
[   20.217701] raid6: sse2x1   xor()  5886 MB/s
[   20.353704] raid6: sse2x2   gen()  9447 MB/s
[   20.437700] raid6: sse2x2   xor()  6714 MB/s
[   20.537697] raid6: sse2x4   gen() 10671 MB/s
[   20.669708] raid6: sse2x4   xor()  7339 MB/s
[   20.686630] raid6: using algorithm sse2x4 gen() 10671 MB/s
[   20.687998] raid6: .... xor() 7339 MB/s, rmw enabled
[   20.689265] raid6: using ssse3x2 recovery algorithm
[   20.692113] xor: automatically using best checksumming function:
[   20.737698]    avx       : 16656.000 MB/sec
[   20.752581] async_tx: api initialized (async)
[   21.172153] md: raid6 personality registered for level 6
[   21.602596] md: raid5 personality registered for level 5
[   21.753517] md: raid4 personality registered for level 4
[   21.809804] md: raid10 personality registered for level 10
done.
Begin: Running /scripts/init-premount ... done.
Begin: Mounting root file system ... Begin: Running /scripts/local-top ... done.[   21.878676] Btrfs loaded

Begin: Running /scripts/local-premount ... Scanning for Btrfs filesystems
done.
Warning: fsck not present, so skipping root file system
[   22.115478] EXT4-fs (sda1): mounted filesystem with ordered data mode. Opts: (null)
done.
Begin: Running /scripts/local-bottom ... done.
Begin: Running /scripts/init-bottom ... done.
[   23.248873] systemd[1]: systemd 229 running in system mode. (+PAM +AUDIT +SELINUX +IMA +APPARMOR +SMACK +SYSVINIT +UTMP +LIBCRYPTSETUP +GCRYPT +GNUTLS +ACL +XZ -LZ4 +SECCOMP +BLKID +ELFUTILS +KMOD -IDN)
[   23.426145] systemd[1]: Detected virtualization oracle.
[   23.770387] systemd[1]: Detected architecture x86-64.

Welcome to [1mUbuntu 16.04.2 LTS[0m!

[   24.007190] systemd[1]: Set hostname to <ubuntu>.
[   24.053792] random: nonblocking pool is initialized
[   24.552522] systemd[1]: Initializing machine ID from random generator.
[   25.023241] systemd[1]: Installed transient /etc/machine-id file.
[   26.155694] systemd[1]: Reached target Encrypted Volumes.
[[0;32m  OK  [0m] Reached target Encrypted Volumes.
[   26.166691] systemd[1]: Listening on LVM2 poll daemon socket.
[[0;32m  OK  [0m] Listening on LVM2 poll daemon socket.
[   26.198059] systemd[1]: Listening on Journal Audit Socket.
[[0;32m  OK  [0m] Listening on Journal Audit Socket.
[   26.262276] systemd[1]: Listening on udev Kernel Socket.
[[0;32m  OK  [0m] Listening on udev Kernel Socket.
[   26.276794] systemd[1]: Reached target User and Group Name Lookups.
[[0;32m  OK  [0m] Reached target User and Group Name Lookups.
[   26.283199] systemd[1]: Listening on Journal Socket (/dev/log).
[[0;32m  OK  [0m] Listening on Journal Socket (/dev/log).
[   26.292975] systemd[1]: Reached target Swap.
[[0;32m  OK  [0m] Reached target Swap.
[   26.295378] systemd[1]: Listening on /dev/initctl Compatibility Named Pipe.
[[0;32m  OK  [0m] Listening on /dev/initctl Compatibility Named Pipe.
[   26.309954] systemd[1]: Set up automount Arbitrary Executable File Formats File System Automount Point.
[[0;32m  OK  [0m] Set up automount Arbitrary Executab...ats File System Automount Point.
[   26.321943] systemd[1]: Listening on Device-mapper event daemon FIFOs.
[[0;32m  OK  [0m] Listening on Device-mapper event daemon FIFOs.
[   26.337880] systemd[1]: Listening on udev Control Socket.
[[0;32m  OK  [0m] Listening on udev Control Socket.
[   26.349841] systemd[1]: Listening on LVM2 metadata daemon socket.
[[0;32m  OK  [0m] Listening on LVM2 metadata daemon socket.
[   26.361909] systemd[1]: Started Forward Password Requests to Wall Directory Watch.
[[0;32m  OK  [0m] Started Forward Password Requests to Wall Directory Watch.
[   26.438261] systemd[1]: Listening on Syslog Socket.
[[0;32m  OK  [0m] Listening on Syslog Socket.
[   26.480755] systemd[1]: Created slice System Slice.
[[0;32m  OK  [0m] Created slice System Slice.
[   26.485645] systemd[1]: Created slice system-serial\x2dgetty.slice.
[[0;32m  OK  [0m] Created slice system-serial\x2dgetty.slice.
[   26.502076] systemd[1]: Started Trigger resolvconf update for networkd DNS.
[[0;32m  OK  [0m] Started Trigger resolvconf update for networkd DNS.
[   26.522098] systemd[1]: Created slice User and Session Slice.
[[0;32m  OK  [0m] Created slice User and Session Slice.
[   26.534239] systemd[1]: Reached target Slices.
[[0;32m  OK  [0m] Reached target Slices.
[   26.541940] systemd[1]: Listening on Journal Socket.
[[0;32m  OK  [0m] Listening on Journal Socket.
[   26.561912] systemd[1]: Starting Uncomplicated firewall...
         Starting Uncomplicated firewall...
[   27.050874] systemd[1]: Starting Create list of required static device nodes for the current kernel...
         Starting Create list of required st... nodes for the current kernel...
[   27.262221] systemd[1]: Starting Remount Root and Kernel File Systems...
[   27.295145] EXT4-fs (sda1): re-mounted. Opts: (null)
         Starting Remount Root and Kernel File Systems...
[   27.447155] systemd[1]: Mounting Huge Pages File System...
         Mounting Huge Pages File System...
[   27.966345] systemd[1]: Starting Load Kernel Modules...
[   28.038323] Loading iSCSI transport class v2.0-870.
         Starting Load Kernel Modules...
[   28.042424] systemd[1]: Starting Monitoring of LVM2 mirrors, snapshots etc. using dmeventd or progress polling...
         Starting Monitoring of LVM2 mirrors... dmeventd or progress polling...
[   28.058103] systemd[1]: Starting Set console keymap...
         Starting Set console keymap...
[   28.166466] iscsi: registered transport (tcp)
[   8.394] systemd[1]: Starting Journal Service...
         Starting Journal Service...
[   28.570255] systemd[1]: Starting Nameserver information manager...
         Starting Nameserver information manager...
[   28.705545] systemd[1]: Mounting POSIX Message Queue File System...
         Mounting POSIX Message Queue File System...
[   28.734696] systemd[1]: Mounting Debug File System...
         Mounting Debug File System...
[   28.770191] iscsi: registered transport (iser)
[   28.784836] systemd[1]: Mounted POSIX Message Queue File System.
[[0;32m  OK  [0m] Mounted POSIX Message Queue File System.
[   28.809583] systemd[1]: Mounted Huge Pages File System.
[[0;32m  OK  [0m] Mounted Huge Pages File System.
[   28.812800] systemd[1]: Mounted Debug File System.
[[0;32m  OK  [0m] Mounted Debug File System.
[   28.816979] systemd[1]: Started Journal Service.
[[0;32m  OK  [0m] Started Journal Service.
[[0;32m  OK  [0m] Started Uncomplicated firewall.
[[0;32m  OK  [0m] Started Create list of required sta...ce nodes for the current kernel.
[[0;32m  OK  [0m] Started Remount Root and Kernel File Systems.
[[0;32m  OK  [0m] Started Load Kernel Modules.
[[0;32m  OK  [0m] Started Set console keymap.
[[0;32m  OK  [0m] Started Nameserver information manager.
[[0;32m  OK  [0m] Started LVM2 metadata daemon.
         Starting Apply Kernel Variables...
         Mounting FUSE Control File System...
         Starting Load/Save Random Seed...
         Starting udev Coldplug all Devices...
         Starting Initial cloud-init job (pre-networking)...
         Starting Create Static Device Nodes in /dev...
         Starting Flush Journal to Persistent Storage...
[[0;32m  OK  [0m] Mounted FUSE Control File System.
[[0;32m  OK  [0m] Started Load/Save Random Seed.
[   29.249904] systemd-journald[394]: Received request to flush runtime journal from PID 1
[[0;32m  OK  [0m] Started udev Coldplug all Devices.
[[0;32m  OK  [0m] Started Apply Kernel Variables.
[[0;32m  OK  [0m] Started Flush Journal to Persistent Storage.
[[0;32m  OK  [0m] Started Monitoring of LVM2 mirrors,...ng dmeventd or progress polling.
[[0;32m  OK  [0m] Started Create Static Device Nodes in /dev.
         Starting udev Kernel Device Manager...
[[0;32m  OK  [0m] Started udev Kernel Device Manager.
[[0;32m  OK  [0m] Started Dispatch Password Requests to Console Directory Watch.
[[0;32m  OK  [0m] Reached target Local File Systems (Pre).
[[0;32m  OK  [0m] Reached target Local File Systems.
         Starting Commit a transient machine-id on disk...
         Starting LSB: AppArmor initialization...
         Starting Set console font and keymap...
         Starting Tell Plymouth To Write Out Runtime Data...
         Starting Create Volatile Files and Directories...
[[0;32m  OK  [0m] Started Commit a transient machine-id on disk.
[[0;32m  OK  [0m] Started Tell Plymouth To Write Out Runtime Data.
[[0;32m  OK  [0m] Started Create Volatile Files and Directories.
         Starting Update UTMP about System Boot/Shutdown...
[[0;32m  OK  [0m] Reached target System Time Synchronized.
[[0;32m  OK  [0m] Started Update UTMP about System Boot/Shutdown.
[[0;32m  OK  [0m] Found device /dev/ttyS0.
[[0;32m  OK  [0m] Started Set console font and keymap.
[[0;32m  OK  [0m] Created slice system-getty.slice.
[[0;32m  OK  [0m] Listening on Load/Save RF Kill Switch Status /dev/rfkill Watch.
[[0;32m  OK  [0m] Started LSB: AppArmor initialization.
[   33.145092] cloud-init[444]: Cloud-init v. 0.7.9 running 'init-local' at Fri, 04 Aug 2017 13:27:12 +0000. Up 32.48 seconds.
[[0;32m  OK  [0m] Started Initial cloud-init job (pre-networking).
[[0;32m  OK  [0m] Reached target Network (Pre).
         Starting Raise network interfaces...
[[0;32m  OK  [0m] Started Raise network interfaces.
         Starting Initial cloud-init job (metadata service crawler)...
[[0;32m  OK  [0m] Reached target Network.
[   36.116515] cloud-init[943]: Cloud-init v. 0.7.9 running 'init' at Fri, 04 Aug 2017 13:27:14 +0000. Up 34.21 seconds.
[   36.202798] [cloud-init[0;32m  OK  [0m[943]: ] ci-info: ++++++++++++++++++++++++++++++++++++++Net device info++++++++++++++++++++++++++++++++++++++Started Initial cloud-init job (metadata service crawler).

[   36.203221] cloud-init[943]: ci-info: +--------+-------+----------------------------+---------------+-------+-------------------+
[   36.368712] [cloud-init[0;32m  OK  [0m[943]: ] ci-info: | Device |   Up  |          Address           |      Mask     | Scope |     Hw-Address    |Reached target System Initialization.

[   36.378597] [cloud-init[0;32m  OK  [0m[943]: ] ci-info: +--------+-------+----------------------------+---------------+-------+-------------------+Started ACPI Events Check.

[[0;32m  OK  [0m] Reached target Paths.
[[0;32m  OK  [0m] Listening on ACPID Listen Socket.
[   36.379348] cloud-init[943]: ci-info: | enp0s8 | False |             .              |       .       |   .   | 08:00:27:b6:a0:57 |
[   36.397862]          cloud-initStarting Socket activation for snappy daemon.[943]: 
ci-info: | enp0s3 |  True |         10.0.2.15          | 255.255.255.0 |   .   | 02:1f:97:0f:e2:73 |
[   36.401964] [cloud-init[0;32m  OK  [0m[943]: ] ci-info: | enp0s3 |  True | fe80::1f:97ff:fe0f:e273/64 |       .       |  link | 02:1f:97:0f:e2:73 |Listening on UUID daemon activation socket.

[   36.402466] cloud-init[943]: ci-info: |   lo   |  True |         127.0.0.1          |   255.0.0.0   |   .   |         .         |
[   36.413907] cloud-init[943]: ci-info: |   lo   |  True |          ::1/128           |       .       |  host |         .         |
[   36.417832] cloud-init[943]: ci-info: +--------+-------+----------------------------+---------------+-------+-------------------+
[   36.421945]          cloud-initStarting LXD - unix socket.[943]: 
ci-info: +++++++++++++++++++++++++++Route IPv4 info++++++++++++++++++++++++++++
[   36.427813] [[0;32m  OK  [0m] Started Daily Cleanup of Temporary Directories.
cloud-init[943]: ci-info: +-------+-------------+----------+---------------+-----------+-------+
[   36.431774] [[0;32m  OK  [0m] Started Daily apt activities.
cloud-init[943]: ci-info: | Route | Destination | Gateway  |    Genmask    | Interface | Flags |
[   36.439798] [[0;32m  OK  [0m] Started Timer to automatically refresh installed snaps.
cloud-init[943]: ci-info: +-------+-------------+----------+---------------+-----------+-------+
[[0;32m  OK  [0m] Reached target Timers.
[[0;32m  OK  [0m] Listening on D-Bus System Message Bus Socket.
[[0;32m  OK  [0m] Reached target Cloud-config availability.
[   36.443863] cloud-init[943]: ci-info: |   0   |   0.0.0.0   | 10.0.2.2 |    0.0.0.0    |   enp0s3  |   UG  |
[   36.456790] [cloud-init[0;32m  OK  [0m[943]: ] ci-info: |   1   |   10.0.2.0  | 0.0.0.0  | 255.255.255.0 |   enp0s3  |   U   |Reached target Network is Online.

[   36.457309] cloud-init[943]: ci-info: +-------+-------------+----------+---------------+-----------+-------+
[   36.463875] cloud-init[943]: Generating public/private rsa key pair.
[   36.469122] cloud-init[943]: Your identification has been saved in /etc/ssh/ssh_host_rsa_key.
[   36.473419] cloud-init[943]: Your public key has been saved in /etc/ssh/ssh_host_rsa_key.pub.
[   36.516592]          cloud-initStarting iSCSI initiator daemon (iscsid)...[943]: 
The key fingerprint is:
[   36.608699] [cloud-init[0;32m  OK  [0m[943]: ] SHA256:4xVwQp0sGSk7ZVA0GPS+FOi5VUTvJak5tb/HkBecuU8 root@ubuntu-xenialListening on Socket activation for snappy daemon.

[[0;32m  OK  [0m] Listening on LXD - unix socket.
[   36.609930] cloud-init[943]: The key's randomart image is:
[   36.635467] cloud-init[943]: +---[RSA 2048]----+
[   36.638503] cloud-init[943]: |     .+BOB+.     |
[   36.642615] cloud-init[943]: |      oo**+. .   |
[   36.645083] cloud-init[943]: |      .=o.o = o o|
[   36.648160] cloud-init[943]: |     .oo o * + = |
[   36.668575] [cloud-init[0;32m  OK  [0m[943]: ] |      o.S = o  .o|Reached target Sockets.

[   36.669123] [cloud-init[0;32m  OK  [0m[943]: ] |       = + . .o.E|Reached target Basic System.

[   36.675214] cloud-init[943]: |      . o     .=.|
[   36.685552] cloud-init[943]: |               .+|
[   36.688797] cloud-init[943]: |              .. |
[   36.691825] cloud-init[943]: +----[SHA256]-----+
[   36.694231] cloud-init[943]: Generating public/private dsa key pair.
[   36.696818] cloud-init[943]: Your identification has been saved in /etc/ssh/ssh_host_dsa_key.
[   36.699786] cloud-init[943]: Your public key has been saved in /etc/ssh/ssh_host_dsa_key.pub.
[   36.702864] cloud-init[943]: The key fingerprint is:
[   36.719000] cloud-init[943]: SHA256:/tqW73WIBczUP1CBQG+DMbbxzErKLwDLw99ENoVC0ds root@ubuntu-xenial
[   36.724418] [cloud-init[0;32m  OK  [0m[943]: ] The key's randomart image is:Started ACPI event daemon.

[   36.725031] cloud-init[943]: +---[DSA 1024]----+
[   36.734539]          cloud-initStarting LXD - container startup/shutdown...[943]: 
|      .oo oOo.oo.|
[   36.751287] [cloud-init[0;32m  OK  [0m[943]: ] |       . oo+@o.  |Started Deferred execution scheduler.

[   36.751807] cloud-init[943]: |     .  .+o++B.. |
[   36.832716]          cloud-initStarting Accounts Service...[943]: 
|    o o +.+Eo....|
[   36.892956] [cloud-init[0;32m  OK  [0m[943]: ] |     = .S+ .  . .|Started Snappy daemon.

[[0;32m  OK  [0m] Started Unattended Upgrades Shutdown.
[   36.894442] cloud-init[943]: |      o.+ .  o . |
[   36.965167]          cloud-initStarting Apply the settings specified in cloud-config...[943]: 
|       ..o o. o .|
[   36.971264]          cloud-initStarting LSB: Record successful boot for GRUB...[943]: 
|         o+  . . |
[[0;32m  OK  [0m] Started Regular background program processing daemon.
[   37.046659] cloud-init[943]: |        .oooo    |
         Starting System Logging Service...
[   37.143093] cloud-init[943]: +----[SHA256]-----+
         Starting Login Service...
[   37.259181] cloud-init[943]: Generating public/private ecdsa key pair.
[   37.287823] cloud-init[943]: Your identification has been saved in /etc/ssh/ssh_host_ecdsa_key.
[   37.290100] cloud-init[943]: Your public key has been saved in /etc/ssh/ssh_host_ecdsa_key.pub.
[   37.312317] cloud-init[943]: The key fingerprint is:
[   37.340381] cloud-init[943]: SHA256:v2HNSE4UCTmESfX7omwk9uoXWzY/mPQcgZTxQp7JrkI root@ubuntu-xenial
         Starting Pollinate to seed the pseudo random number generator...
[   37.423002] cloud-init[943]: The key's randomart image is:
[[0;32m  OK  [0m] Started FUSE filesystem for LXC.
[   37.495831] cloud-init[943]: +---[ECDSA 256]---+
[   37.508861] cloud-init[943]: |     ..=+o++     |
[   37.511148] cloud-init[943]: |      o o=+=     |
[   37.512761] cloud-init[943]: |         oO..    |
[   37.515056] cloud-init[943]: |         o.o.    |
[   37.516290] cloud-init[943]: |      E S =  .   |
[   37.517494] cloud-init[943]: |     .o o*==.    |
         Starting Auto import assertions from block devices...
         Starting /etc/rc.local Compatibility...
         Starting LSB: MD monitoring daemon...
[[0;32m  OK  [0m] Started D-Bus System Message Bus.
[   37.532058] cloud-init[943]: |     ..+.*BB+.   |
[   37.540595] cloud-init[943]: |       o=oo+=    |
[   37.542866] cloud-init[943]: |     .o+o .  .   |
[   37.545457] cloud-init[943]: +----[SHA256]-----+
[   37.547753] cloud-init[943]: Generating public/private ed25519 key pair.
[   37.561712] cloud-init[943]: Your identification has been saved in /etc/ssh/ssh_host_ed25519_key.
[   37.563732] cloud-init[943]: Your public key has been saved in /etc/ssh/ssh_host_ed25519_key.pub.
[   37.566858] cloud-init[943]: The key fingerprint is:
[   37.568179] cloud-init[943]: SHA256:o05b/6K1tdUNxfLZdlqqcJKjMIxVWwfgKzPUUjbTs6w root@ubuntu-xenial
[   37.571142] cloud-init[943]: The key's randomart image is:
[   37.572526] cloud-init[943]: +--[ED25519 256]--+
[   37.573726] cloud-init[943]: |        *o.      |
[   37.580494] cloud-init[943]: |       = oo.   . |
[   37.588271] cloud-init[943]: |      o +..o. . o|
[   37.591710] cloud-init[943]: |     . o +o.   +o|
[   37.602943] cloud-init[943]: |      = S.    ..*|
[   37.609467] cloud-init[943]: |     + =E. .   Bo|
[   37.626430] cloud-init[943]: |    . * . * o + o|
[   37.636877] cloud-init[943]: |     o = +.B +   |
[   37.669495] cloud-init[943]: |      o o.oo+    |
[   37.689387] cloud-init[943]: +----[SHA256]-----+
[   38.524704] cloud-init[1052]: Generating locales (this might take a while)...
[[0;32m  OK  [0m] Started System Logging Service.
[[0;32m  OK  [0m] Started iSCSI initiator daemon (iscsid).
[[0;32m  OK  [0m] Started Auto import assertions from block devices.
[[0;32m  OK  [0m] Started /etc/rc.local Compatibility.
         Starting Login to default iSCSI targets...
[[0;32m  OK  [0m] Started Login Service.
[[0;32m  OK  [0m] Started LSB: Record successful boot for GRUB.
[[0;32m  OK  [0m] Started LSB: MD monitoring daemon.
[[0;32m  OK  [0m] Started Login to default iSCSI targets.
[[0;32m  OK  [0m] Reached target Remote File Systems (Pre).
[[0;32m  OK  [0m] Reached target Remote File Systems.
         Starting Permit User Sessions...
         Starting LSB: daemon to balance interrupts for SMP systems...
         Starting LSB: automatic crash report generation...
         Starting LSB: Set the CPU Frequency Scaling governor to "ondemand"...
         Starting LSB: VirtualBox Linux Additions...
         Starting Authenticate and Authorize Users to Run Privileged Tasks...
[[0;32m  OK  [0m] Started LSB: Set the CPU Frequency Scaling governor to "ondemand".
[[0;32m  OK  [0m] Started Permit User Sessions.
         Starting Hold until boot process finishes up...
         Starting Terminate Plymouth Boot Screen...
[[0;32m  OK  [0m] Started Hold until boot process finishes up.
[[0;32m  OK  [0m] Started Terminate Plymouth Boot Screen.
[[0;32m  OK  [0m] Started Getty on tty1.
[[0;32m  OK  [0m] Started Serial Getty on ttyS0.
[[0;32m  OK  [0m] Reached target Login Prompts.
         Starting Set console scheme...
[[0;32m  OK  [0m] Started Set console scheme.
[[0;32m  OK  [0m] Started LSB: automatic crash report generation.
[[0;32m  OK  [0m] Started LSB: daemon to balance interrupts for SMP systems.
[[0;32m  OK  [0m] Started Authenticate and Authorize Users to Run Privileged Tasks.
[[0;32m  OK  [0m] Started Accounts Service.
[[0;32m  OK  [0m] Started LSB: VirtualBox Linux Additions.
[[0;32m  OK  [0m] Started LXD - container startup/shutdown.
[   41.358316] cloud-init[1052]:   en_US.UTF-8... done
[   41.404239] cloud-init[1052]: Generation complete.
[[0;32m  OK  [0m] Stopped OpenBSD Secure Shell server.
         Starting OpenBSD Secure Shell server...
[[0;32m  OK  [0m] Started OpenBSD Secure Shell server.
[[0;32m  OK  [0m] Created slice User Slice of ubuntu.
         Starting User Manager for UID 1000...
[[0;32m  OK  [0m] Started Session 1 of user ubuntu.
[[0;32m  OK  [0m] Started User Manager for UID 1000.
[   44.002519] cloud-init[1052]: Cloud-init v. 0.7.9 running 'modules:config' at Fri, 04 Aug 2017 13:27:17 +0000. Up 37.36 seconds.
[[0;32m  OK  [0m] Started Apply the settings specified in cloud-config.

Ubuntu 16.04.2 LTS ubuntu-xenial ttyS0

ubuntu-xenial login: ci-info: +++++Authorized keys from /home/ubuntu/.ssh/authorized_keys for user ubuntu++++++
ci-info: +---------+-------------------------------------------------+---------+---------+
ci-info: | Keytype |                Fingerprint (md5)                | Options | Comment |
ci-info: +---------+-------------------------------------------------+---------+---------+
ci-info: | ssh-rsa | e5:c2:54:e9:4e:c8:18:37:1f:82:e3:ff:f5:24:3b:f4 |    -    | vagrant |
ci-info: +---------+-------------------------------------------------+---------+---------+
<14>Aug  4 13:27:32 ec2: 
<14>Aug  4 13:27:32 ec2: #############################################################
<14>Aug  4 13:27:32 ec2: -----BEGIN SSH HOST KEY FINGERPRINTS-----
<14>Aug  4 13:27:32 ec2: 1024 SHA256:/tqW73WIBczUP1CBQG+DMbbxzErKLwDLw99ENoVC0ds root@ubuntu-xenial (DSA)
<14>Aug  4 13:27:32 ec2: 256 SHA256:v2HNSE4UCTmESfX7omwk9uoXWzY/mPQcgZTxQp7JrkI root@ubuntu-xenial (ECDSA)
<14>Aug  4 13:27:32 ec2: 256 SHA256:o05b/6K1tdUNxfLZdlqqcJKjMIxVWwfgKzPUUjbTs6w root@ubuntu-xenial (ED25519)
<14>Aug  4 13:27:32 ec2: 2048 SHA256:4xVwQp0sGSk7ZVA0GPS+FOi5VUTvJak5tb/HkBecuU8 root@ubuntu-xenial (RSA)
<14>Aug  4 13:27:32 ec2: -----END SSH HOST KEY FINGERPRINTS-----
<14>Aug  4 13:27:32 ec2: #############################################################
-----BEGIN SSH HOST KEY KEYS-----
ecdsa-sha2-nistp256 AAAAE2VjZHNhLXNoYTItbmlzdHAyNTYAAAAIbmlzdHAyNTYAAABBBD7yWBA2C3w05INbJnbDCoSjW9FxDfiMawhtxhWZ/7U8Yi0Aklu+GSclj7e0PYZn/oyK18fFzA5duNfVRptlkz0= root@ubuntu-xenial
ssh-ed25519 AAAAC3NzaC1lZDI1NTE5AAAAIAJY0AO8piU5k7l0Ic9u2xCGMWHsM1ZEan7AMh9xrxUF root@ubuntu-xenial
ssh-rsa AAAAB3NzaC1yc2EAAAADAQABAAABAQCzNRnV+5FmnpCm0/uahhulGNlqfqO3/6RGw6lE8u4uD765+Dn8iwwkldWfkjKvxC1K5sIB8SIBg7YXryX4ocZdu3UzQCTYf4qp3mGOGu0sTZS5reISknDrjT5oMQ1OwyoGZfWAV8LZ1qmABjrW1GjZ4M7fnVMy6Y47zGmXY66w85borIykxXx6r1s+Gf5ll+GX9XnBalF89FO8ZidJljJtQ/AcVzVuskT5F6sJByUegT9yAzLih4a3khmt5qcKu8pA5d3zs5aCSL42z88+hsZJg8J7jPVV+mofnM6/YLhaJYCdVTfTXcPhgvOnZtH/EhARRdmEJOJdzuRSnEbN4PPz root@ubuntu-xenial
-----END SSH HOST KEY KEYS-----
[   52.342293] cloud-init[1732]: Cloud-init v. 0.7.9 running 'modules:final' at Fri, 04 Aug 2017 13:27:32 +0000. Up 52.07 seconds.
[   52.342992] cloud-init[1732]: Cloud-init v. 0.7.9 finished at Fri, 04 Aug 2017 13:27:32 +0000. Datasource DataSourceNoCloud [seed=/dev/sdb][dsmode=net].  Up 52.32 seconds
